INFO:root:Downloading https://raw.githubusercontent.com/mitre/cti/master/enterprise-attack/enterprise-attack.json
INFO:root:Downloading https://raw.githubusercontent.com/mitre/cti/master/enterprise-attack/enterprise-attack.json
INFO:root:Downloading https://raw.githubusercontent.com/mitre/cti/master/enterprise-attack/enterprise-attack.json
INFO:root:Downloading https://raw.githubusercontent.com/mitre/cti/master/enterprise-attack/enterprise-attack.json
INFO:root:Downloading https://raw.githubusercontent.com/mitre/cti/master/enterprise-attack/enterprise-attack.json
INFO:root:Generating the cachefile: attackmatrix.cache
INFO:root:Downloading https://raw.githubusercontent.com/mitre/cti/master/enterprise-attack/enterprise-attack.json
INFO:root:Generating the cachefile: attackmatrix.cache
INFO:root:Downloading https://raw.githubusercontent.com/mitre/cti/master/enterprise-attack/enterprise-attack.json
INFO:root:Generating the cachefile: attackmatrix.cache
INFO:root:Downloading https://raw.githubusercontent.com/mitre/cti/master/enterprise-attack/enterprise-attack.json
INFO:root:Downloading https://raw.githubusercontent.com/mitre/cti/master/ics-attack/ics-attack.json
INFO:root:Downloading https://raw.githubusercontent.com/mitre/cti/master/pre-attack/pre-attack.json
INFO:root:Downloading https://raw.githubusercontent.com/mitre/cti/master/mobile-attack/mobile-attack.json
INFO:root:Downloading https://raw.githubusercontent.com/mitre/FiGHT/main/fight.yaml
INFO:root:Downloading https://unprotect.it/api/techniques/ page 1
INFO:root:Downloading https://unprotect.it/api/techniques/ page https://unprotect.it/api/techniques/?page=2
INFO:root:Downloading https://unprotect.it/api/techniques/ page https://unprotect.it/api/techniques/?page=3
INFO:root:Downloading https://unprotect.it/api/techniques/ page https://unprotect.it/api/techniques/?page=4
INFO:root:Downloading https://unprotect.it/api/techniques/ page https://unprotect.it/api/techniques/?page=5
INFO:root:Downloading https://unprotect.it/api/techniques/ page https://unprotect.it/api/techniques/?page=6
INFO:root:Downloading https://unprotect.it/api/techniques/ page https://unprotect.it/api/techniques/?page=7
INFO:root:Downloading https://unprotect.it/api/techniques/ page https://unprotect.it/api/techniques/?page=8
INFO:root:Generating the cachefile: attackmatrix.cache
INFO:root:Downloading https://raw.githubusercontent.com/mitre/cti/master/enterprise-attack/enterprise-attack.json
INFO:root:Downloading https://raw.githubusercontent.com/mitre/cti/master/ics-attack/ics-attack.json
INFO:root:Downloading https://raw.githubusercontent.com/mitre/cti/master/pre-attack/pre-attack.json
INFO:root:Downloading https://raw.githubusercontent.com/mitre/cti/master/mobile-attack/mobile-attack.json
INFO:root:Downloading https://raw.githubusercontent.com/mitre/FiGHT/main/fight.yaml
INFO:root:Downloading https://unprotect.it/api/techniques/ page 1
INFO:root:Downloading https://unprotect.it/api/techniques/ page https://unprotect.it/api/techniques/?page=2
INFO:root:Downloading https://unprotect.it/api/techniques/ page https://unprotect.it/api/techniques/?page=3
INFO:root:Downloading https://unprotect.it/api/techniques/ page https://unprotect.it/api/techniques/?page=4
INFO:root:Downloading https://unprotect.it/api/techniques/ page https://unprotect.it/api/techniques/?page=5
INFO:root:Downloading https://unprotect.it/api/techniques/ page https://unprotect.it/api/techniques/?page=6
INFO:root:Downloading https://unprotect.it/api/techniques/ page https://unprotect.it/api/techniques/?page=7
INFO:root:Downloading https://unprotect.it/api/techniques/ page https://unprotect.it/api/techniques/?page=8
INFO:root:Generating the cachefile: attackmatrix.cache
INFO:root:Downloading https://raw.githubusercontent.com/mitre/cti/master/enterprise-attack/enterprise-attack.json
INFO:root:Generating the cachefile: attackmatrix.cache
INFO:root:Downloading https://raw.githubusercontent.com/mitre/cti/master/enterprise-attack/enterprise-attack.json
INFO:root:Generating the cachefile: attackmatrix.cache
INFO:root:Downloading https://raw.githubusercontent.com/mitre/cti/master/enterprise-attack/enterprise-attack.json
INFO:root:Downloading https://raw.githubusercontent.com/mitre/cti/master/ics-attack/ics-attack.json
INFO:root:Downloading https://raw.githubusercontent.com/mitre/cti/master/pre-attack/pre-attack.json
INFO:root:Downloading https://raw.githubusercontent.com/mitre/cti/master/mobile-attack/mobile-attack.json
INFO:root:Downloading https://raw.githubusercontent.com/mitre/FiGHT/main/fight.yaml
INFO:root:Downloading https://unprotect.it/api/techniques/ page 1
INFO:root:Downloading https://unprotect.it/api/techniques/ page https://unprotect.it/api/techniques/?page=2
INFO:root:Downloading https://unprotect.it/api/techniques/ page https://unprotect.it/api/techniques/?page=3
INFO:root:Downloading https://unprotect.it/api/techniques/ page https://unprotect.it/api/techniques/?page=4
INFO:root:Downloading https://unprotect.it/api/techniques/ page https://unprotect.it/api/techniques/?page=5
INFO:root:Downloading https://unprotect.it/api/techniques/ page https://unprotect.it/api/techniques/?page=6
INFO:root:Downloading https://unprotect.it/api/techniques/ page https://unprotect.it/api/techniques/?page=7
INFO:root:Downloading https://unprotect.it/api/techniques/ page https://unprotect.it/api/techniques/?page=8
INFO:root:Generating the cachefile: attackmatrix.cache
INFO:root:Downloading https://raw.githubusercontent.com/mitre/cti/master/enterprise-attack/enterprise-attack.json
INFO:root:Downloading https://raw.githubusercontent.com/mitre/cti/master/ics-attack/ics-attack.json
INFO:root:Downloading https://raw.githubusercontent.com/mitre/cti/master/pre-attack/pre-attack.json
INFO:root:Downloading https://raw.githubusercontent.com/mitre/cti/master/mobile-attack/mobile-attack.json
INFO:root:Downloading https://raw.githubusercontent.com/mitre/FiGHT/main/fight.yaml
INFO:root:Downloading https://unprotect.it/api/techniques/ page 1
INFO:root:Downloading https://unprotect.it/api/techniques/ page https://unprotect.it/api/techniques/?page=2
INFO:root:Downloading https://unprotect.it/api/techniques/ page https://unprotect.it/api/techniques/?page=3
INFO:root:Downloading https://unprotect.it/api/techniques/ page https://unprotect.it/api/techniques/?page=4
INFO:root:Downloading https://unprotect.it/api/techniques/ page https://unprotect.it/api/techniques/?page=5
INFO:root:Downloading https://unprotect.it/api/techniques/ page https://unprotect.it/api/techniques/?page=6
INFO:root:Downloading https://unprotect.it/api/techniques/ page https://unprotect.it/api/techniques/?page=7
INFO:root:Downloading https://unprotect.it/api/techniques/ page https://unprotect.it/api/techniques/?page=8
INFO:root:Generating the cachefile: attackmatrix.cache
INFO:root:Downloading https://raw.githubusercontent.com/mitre/cti/master/enterprise-attack/enterprise-attack.json
INFO:root:Downloading https://raw.githubusercontent.com/mitre/cti/master/ics-attack/ics-attack.json
INFO:root:Downloading https://raw.githubusercontent.com/mitre/cti/master/pre-attack/pre-attack.json
INFO:root:Downloading https://raw.githubusercontent.com/mitre/cti/master/mobile-attack/mobile-attack.json
INFO:root:Downloading https://raw.githubusercontent.com/mitre/FiGHT/main/fight.yaml
INFO:root:Downloading https://unprotect.it/api/techniques/ page 1
INFO:root:Downloading https://unprotect.it/api/techniques/ page https://unprotect.it/api/techniques/?page=2
INFO:root:Downloading https://unprotect.it/api/techniques/ page https://unprotect.it/api/techniques/?page=3
INFO:root:Downloading https://unprotect.it/api/techniques/ page https://unprotect.it/api/techniques/?page=4
INFO:root:Downloading https://unprotect.it/api/techniques/ page https://unprotect.it/api/techniques/?page=5
INFO:root:Downloading https://unprotect.it/api/techniques/ page https://unprotect.it/api/techniques/?page=6
INFO:root:Downloading https://unprotect.it/api/techniques/ page https://unprotect.it/api/techniques/?page=7
INFO:root:Downloading https://unprotect.it/api/techniques/ page https://unprotect.it/api/techniques/?page=8
INFO:root:Generating the cachefile: attackmatrix.cache
INFO:root:Downloading https://raw.githubusercontent.com/mitre/cti/master/enterprise-attack/enterprise-attack.json
INFO:root:Downloading https://raw.githubusercontent.com/mitre/cti/master/ics-attack/ics-attack.json
INFO:root:Downloading https://raw.githubusercontent.com/mitre/cti/master/pre-attack/pre-attack.json
INFO:root:Downloading https://raw.githubusercontent.com/mitre/cti/master/mobile-attack/mobile-attack.json
INFO:root:Downloading https://raw.githubusercontent.com/mitre/FiGHT/main/fight.yaml
INFO:root:Downloading https://unprotect.it/api/techniques/ page 1
INFO:root:Downloading https://unprotect.it/api/techniques/ page https://unprotect.it/api/techniques/?page=2
INFO:root:Downloading https://unprotect.it/api/techniques/ page https://unprotect.it/api/techniques/?page=3
INFO:root:Downloading https://unprotect.it/api/techniques/ page https://unprotect.it/api/techniques/?page=4
INFO:root:Downloading https://unprotect.it/api/techniques/ page https://unprotect.it/api/techniques/?page=5
INFO:root:Downloading https://unprotect.it/api/techniques/ page https://unprotect.it/api/techniques/?page=6
INFO:root:Downloading https://unprotect.it/api/techniques/ page https://unprotect.it/api/techniques/?page=7
INFO:root:Downloading https://unprotect.it/api/techniques/ page https://unprotect.it/api/techniques/?page=8
INFO:root:Loading cache attackmatrix.cache...
INFO:root:Loading cache attackmatrix.cache...
INFO:root:Loading cache attackmatrix.cache...
INFO:root:Loading cache attackmatrix.cache...
INFO:root:Loading cache attackmatrix.cache...
INFO:root:Loading cache attackmatrix.cache...
INFO:root:Loading cache attackmatrix.cache...
INFO:root:Loading cache attackmatrix.cache...
INFO:root:Loading cache attackmatrix.cache...
INFO:root:Loading cache attackmatrix.cache...
INFO:root:Loading cache attackmatrix.cache...
INFO:root:Loading cache attackmatrix.cache...
INFO:root:Loading cache attackmatrix.cache...
INFO:root:Loading cache attackmatrix.cache...
INFO:root:Loading cache attackmatrix.cache...
INFO:root:Loading cache attackmatrix.cache...
INFO:root:Loading cache attackmatrix.cache...
INFO:root:Loading cache attackmatrix.cache...
INFO:root:Loading cache attackmatrix.cache...
INFO:root:Loading cache attackmatrix.cache...
INFO:root:Loading cache attackmatrix.cache...
INFO:root:Loading cache attackmatrix.cache...
INFO:root:Loading cache attackmatrix.cache...
INFO:root:Loading cache attackmatrix.cache...
INFO:root:Loading cache attackmatrix.cache...
INFO:root:Loading cache attackmatrix.cache...
INFO:root:Loading cache attackmatrix.cache...
INFO:root:Loading cache attackmatrix.cache...
INFO:root:Loading cache attackmatrix.cache...
INFO:root:Loading cache attackmatrix.cache...
INFO:root:Loading cache attackmatrix.cache...
INFO:root:Loading cache attackmatrix.cache...
INFO:root:Loading cache attackmatrix.cache...
INFO:root:Loading cache attackmatrix.cache...
INFO:root:Loading cache attackmatrix.cache...
INFO:root:Loading cache attackmatrix.cache...
INFO:root:Loading cache attackmatrix.cache...
INFO:root:Loading cache attackmatrix.cache...
INFO:root:Loading cache attackmatrix.cache...
INFO:root:Loading cache attackmatrix.cache...
INFO:root:Loading cache attackmatrix.cache...
INFO:root:Loading cache attackmatrix.cache...
INFO:root:Loading cache attackmatrix.cache...
INFO:root:Loading cache attackmatrix.cache...
INFO:root:Loading cache attackmatrix.cache...
INFO:root:Loading cache attackmatrix.cache...
